srun: Warning: can't run 1 processes on 2 nodes, setting nnodes to 1
##########################
This is the calculation of Mdwarf
Calculating bands ur	|||
Calculating bands uY	|||
Calculating bands ru	|||
Calculating bands rY	|||
Calculating bands Yu	|||
Calculating bands Yr	|||
##########################
This is the calculation of PISN
Calculating bands ur	|||
Calculating bands uY	|||
Calculating bands ru	|||
Calculating bands rY	|||
Calculating bands Yu	|||
Calculating bands Yr	|||
Finish!
0.3857997973759969 min spent.
srun: Warning: can't run 1 processes on 2 nodes, setting nnodes to 1
##########################
This is the calculation of Mdwarf
Calculating bands ui	||
Calculating bands iu	||
##########################
This is the calculation of PISN
Calculating bands ui	||
Calculating bands iu	||
##########################
This is the calculation of RRL
Calculating bands ui	||
Calculating bands iu	||
Finish!
0.4580958644549052 min spent.
