##########################
This is the calculation of Mdwarf
Calculating bands ur	|||
Calculating bands uY	|||
Calculating bands ru	|||
Calculating bands rY	|||
Calculating bands Yu	|||
Calculating bands Yr	|||
##########################
This is the calculation of PISN
Calculating bands ur	|||
Calculating bands uY	|||
Calculating bands ru	|||
Calculating bands rY	|||
Calculating bands Yu	|||
Calculating bands Yr	|||
Finish!
0.3831279238065084 min spent.
##########################
This is the calculation of Mdwarf
Calculating bands ui	||
Calculating bands iu	||
##########################
This is the calculation of PISN
Calculating bands ui	||
Calculating bands iu	||
##########################
This is the calculation of RRL
Calculating bands ui	||
Calculating bands iu	||
Finish!
0.46083319187164307 min spent.
