##########################
This is the calculation of Mdwarf
Starting time 1653084198.4421.
Calculating bands ur	|||
Calculating bands uY	|||
Calculating bands ru	|||
Calculating bands rY	|||
Calculating bands Yu	|||
Calculating bands Yr	|||
##########################
This is the calculation of PISN
Starting time 1653084198.4421.
Calculating bands ur	|||
Calculating bands uY	|||
Calculating bands ru	|||
Calculating bands rY	|||
Calculating bands Yu	|||
Calculating bands Yr	|||
Finish!
Finish time 1653084221.7924.
0.3891722559928894 min spent.
##########################
This is the calculation of Mdwarf
Starting time 1653084239.9518.
Calculating bands ui	||
Calculating bands iu	||
##########################
This is the calculation of PISN
Starting time 1653084239.9518.
Calculating bands ui	||
Calculating bands iu	||
##########################
This is the calculation of RRL
Starting time 1653084239.9518.
Calculating bands ui	||
Calculating bands iu	||
Finish!
Finish time 1653084266.9451.
0.44988751808802285 min spent.
