##########################
This is the calculation of Mdwarf
Starting time 1653084198.4607.
Calculating bands ur	|||
Calculating bands uY	|||
Calculating bands ru	|||
Calculating bands rY	|||
Calculating bands Yu	|||
Calculating bands Yr	|||
##########################
This is the calculation of PISN
Starting time 1653084198.4607.
Calculating bands ur	|||
Calculating bands uY	|||
Calculating bands ru	|||
Calculating bands rY	|||
Calculating bands Yu	|||
Calculating bands Yr	|||
Finish!
Finish time 1653084221.7679.
0.388452152411143 min spent.
##########################
This is the calculation of Mdwarf
Starting time 1653084198.5498.
Calculating bands ur	||
Calculating bands ru	||
##########################
This is the calculation of PISN
Starting time 1653084198.5498.
Calculating bands ur	||
Calculating bands ru	||
##########################
This is the calculation of RRL
Starting time 1653084198.5498.
Calculating bands ur	||
Calculating bands ru	||
Finish!
Finish time 1653084225.8186.
0.4544804811477661 min spent.
