##########################
This is the calculation of Mdwarf
Calculating bands ur	|||
Calculating bands uY	|||
Calculating bands ru	|||
Calculating bands rY	|||
Calculating bands Yu	|||
Calculating bands Yr	|||
##########################
This is the calculation of PISN
Calculating bands ur	|||
Calculating bands uY	|||
Calculating bands ru	|||
Calculating bands rY	|||
Calculating bands Yu	|||
Calculating bands Yr	|||
Finish!
0.39457066456476847 min spent.
srun: Job 56234878 step creation temporarily disabled, retrying (Requested nodes are busy)
srun: Step created for job 56234878
##########################
This is the calculation of Mdwarf
Calculating bands ui	||
Calculating bands iu	||
##########################
This is the calculation of PISN
Calculating bands ui	||
Calculating bands iu	||
##########################
This is the calculation of RRL
Calculating bands ui	||
Calculating bands iu	||
Finish!
0.4718335549036662 min spent.
