##########################
This is the calculation of Mdwarf
Calculating bands ur	|||
Calculating bands uY	|||
Calculating bands ru	|||
Calculating bands rY	|||
Calculating bands Yu	|||
Calculating bands Yr	|||
##########################
This is the calculation of PISN
Calculating bands ur	|||
Calculating bands uY	|||
Calculating bands ru	|||
Calculating bands rY	|||
Calculating bands Yu	|||
Calculating bands Yr	|||
Finish!
0.39691940546035764 min spent.
srun: Job 56235566 step creation temporarily disabled, retrying (Requested nodes are busy)
srun: Step created for job 56235566
##########################
This is the calculation of Mdwarf
Calculating bands ui	||
Calculating bands iu	||
##########################
This is the calculation of PISN
Calculating bands ui	||
Calculating bands iu	||
##########################
This is the calculation of RRL
Calculating bands ui	||
Calculating bands iu	||
Finish!
0.45315914154052733 min spent.
