##########################
This is the calculation of Mdwarf
Calculating bands ur	|||
Calculating bands uY	|||
Calculating bands ru	|||
Calculating bands rY	|||
Calculating bands Yu	|||
Calculating bands Yr	|||
##########################
This is the calculation of PISN
Calculating bands ur	|||
Calculating bands uY	|||
Calculating bands ru	|||
Calculating bands rY	|||
Calculating bands Yu	|||
Calculating bands Yr	|||
Finish!
0.39571208159128823 min spent.
##########################
This is the calculation of Mdwarf
Calculating bands ui	||
Calculating bands iu	||
##########################
This is the calculation of PISN
Calculating bands ui	||
Calculating bands iu	||
##########################
This is the calculation of RRL
Calculating bands ui	||
Calculating bands iu	||
Finish!
0.46442901690800986 min spent.
